<?xml version="1.0" encoding="UTF-8"?>
<!-- Generated by org.testng.reporters.JUnitReportReporter -->
<testsuite hostname="QM-WIN-DJA" failures="0" tests="1" name="Testmethod.test" time="6.224" errors="0" timestamp="2022-04-15T23:49:00 CEST" skipped="0">
  <testcase classname="Testmethod.test" name="verifyApplicationTitle" time="6.224"/>
</testsuite> <!-- Testmethod.test -->
